yt : [INFO     ] 2017-07-18 11:21:22,671 Parameters: current_time              = 3.75573046409e+16
yt : [INFO     ] 2017-07-18 11:21:22,671 Parameters: domain_dimensions         = [2 2 2]
yt : [INFO     ] 2017-07-18 11:21:22,672 Parameters: domain_left_edge          = [ 0.  0.  0.]
yt : [INFO     ] 2017-07-18 11:21:22,672 Parameters: domain_right_edge         = [  2.22535525e+25   2.22535525e+25   2.22535525e+25]
yt : [INFO     ] 2017-07-18 11:21:22,673 Parameters: cosmological_simulation   = 1
yt : [INFO     ] 2017-07-18 11:21:22,673 Parameters: current_redshift          = 4.99999998323
yt : [INFO     ] 2017-07-18 11:21:22,673 Parameters: omega_lambda              = 0.712
yt : [INFO     ] 2017-07-18 11:21:22,673 Parameters: omega_matter              = 0.288
yt : [INFO     ] 2017-07-18 11:21:22,673 Parameters: hubble_constant           = 0.6933
yt : [INFO     ] 2017-07-18 11:21:22,738 Parameters: current_time              = 158.01757996843
yt : [INFO     ] 2017-07-18 11:21:22,739 Parameters: domain_dimensions         = [128 128 128]
yt : [INFO     ] 2017-07-18 11:21:22,739 Parameters: domain_left_edge          = [ 0.  0.  0.]
yt : [INFO     ] 2017-07-18 11:21:22,740 Parameters: domain_right_edge         = [ 1.  1.  1.]
yt : [INFO     ] 2017-07-18 11:21:22,740 Parameters: cosmological_simulation   = 1
yt : [INFO     ] 2017-07-18 11:21:22,740 Parameters: current_redshift          = 4.9999999832278
yt : [INFO     ] 2017-07-18 11:21:22,740 Parameters: omega_lambda              = 0.712
yt : [INFO     ] 2017-07-18 11:21:22,740 Parameters: omega_matter              = 0.288
yt : [INFO     ] 2017-07-18 11:21:22,740 Parameters: hubble_constant           = 0.6933
yt : [INFO     ] 2017-07-18 11:21:22,744 Allocating for 9.178e+03 particles (index particle type 'all')
yt : [INFO     ] 2017-07-18 11:21:22,750 Identified 3.025e+03 octs
Traceback (most recent call last):
  File "./satellite_finder0070.py", line 133, in <module>
    radius1 = halo1[7]
IndexError: tuple index out of range
srun: error: tiger-r10c1n12: task 0: Exited with exit code 1
srun: Terminating job step 3503346.0
